<?xml version="1.0" encoding="UTF-8"?>
<!-- Generated by org.testng.reporters.JUnitReportReporter -->
<testsuite hostname="Shri-PC" failures="0" tests="1" name="practiceTestCase.WindowHandling" time="4.870" errors="0" timestamp="2021-09-04T14:57:15 IST" skipped="0">
  <testcase classname="practiceTestCase.WindowHandling" name="window" time="4.870"/>
  <system-out/>
</testsuite> <!-- practiceTestCase.WindowHandling -->
