<?xml version="1.0" encoding="UTF-8"?>
<!-- Generated by org.testng.reporters.JUnitReportReporter -->
<testsuite hostname="Shri-PC" failures="0" tests="1" name="com.javabykiran.Testss" time="3.725" errors="0" timestamp="2002-01-01T00:16:01 IST" skipped="0">
  <testcase classname="com.javabykiran.Testss" name="Titlecheck" time="3.725"/>
  <system-out/>
</testsuite> <!-- com.javabykiran.Testss -->
