<?xml version="1.0" encoding="UTF-8"?>
<!-- Generated by org.testng.reporters.JUnitReportReporter -->
<testsuite hostname="Shri-PC" failures="0" tests="2" name="com.javabykiran.BeforeClass1" time="0.070" errors="0" timestamp="2021-09-11T13:24:15 IST" skipped="0">
  <testcase classname="com.javabykiran.BeforeClass1" name="VerifyLoginPage" time="0.032"/>
  <system-out/>
  <testcase classname="com.javabykiran.BeforeClass1" name="VerifyBroserLaunch" time="0.038"/>
  <system-out/>
</testsuite> <!-- com.javabykiran.BeforeClass1 -->
