<?xml version="1.0" encoding="UTF-8"?>
<!-- Generated by org.testng.reporters.JUnitReportReporter -->
<testsuite hostname="Shri-PC" failures="0" tests="4" name="com.javabykiran.B" time="3.038" errors="0" timestamp="2021-08-20T20:53:23 IST" skipped="0">
  <testcase classname="com.javabykiran.B" name="CheckOperatorLink" time="0.871"/>
  <system-out/>
  <testcase classname="com.javabykiran.B" name="checkingUsefulLinks" time="0.471"/>
  <system-out/>
  <testcase classname="com.javabykiran.B" name="openLinkJBK" time="1.613"/>
  <system-out/>
  <testcase classname="com.javabykiran.B" name="checkFooterText" time="0.083"/>
  <system-out/>
</testsuite> <!-- com.javabykiran.B -->
