<?xml version="1.0" encoding="UTF-8"?>
<!-- Generated by org.testng.reporters.JUnitReportReporter -->
<testsuite hostname="Shri-PC" failures="0" tests="1" name="screenShot.DeleteCookies" time="13.508" errors="0" timestamp="2021-09-05T11:06:29 IST" skipped="0">
  <testcase classname="screenShot.DeleteCookies" name="deleteCookieNamedExample" time="13.508"/>
  <system-out/>
</testsuite> <!-- screenShot.DeleteCookies -->
