<?xml version="1.0" encoding="UTF-8"?>
<!-- Generated by org.testng.reporters.JUnitReportReporter -->
<testsuite hostname="Shri-PC" failures="0" tests="1" name="frameWork.FrameChecking" time="9.520" errors="0" timestamp="2021-08-26T19:57:56 IST" skipped="0">
  <testcase classname="frameWork.FrameChecking" name="checkErrorMsgColor" time="9.520"/>
  <system-out/>
</testsuite> <!-- frameWork.FrameChecking -->
