<?xml version="1.0" encoding="UTF-8"?>
<!-- Generated by org.testng.reporters.JUnitReportReporter -->
<testsuite hostname="Shri-PC" failures="0" tests="1" name="screenShot.CaptureScreenshot" time="15.038" errors="0" timestamp="2021-09-05T10:57:14 IST" skipped="0">
  <testcase classname="screenShot.CaptureScreenshot" name="captureScreenMethod" time="15.038"/>
  <system-out/>
</testsuite> <!-- screenShot.CaptureScreenshot -->
