<?xml version="1.0" encoding="UTF-8"?>
<!-- Generated by org.testng.reporters.JUnitReportReporter -->
<testsuite hostname="Shri-PC" failures="0" tests="1" name="practiceTestCase.DropdownOptions" time="1.101" errors="0" timestamp="2021-09-03T23:01:43 IST" skipped="0">
  <testcase classname="practiceTestCase.DropdownOptions" name="dropDownOptions" time="1.101"/>
  <system-out/>
</testsuite> <!-- practiceTestCase.DropdownOptions -->
