<?xml version="1.0" encoding="UTF-8"?>
<!-- Generated by org.testng.reporters.JUnitReportReporter -->
<testsuite hostname="Shri-PC" failures="0" tests="3" name="com.javabykiran.SignupTestcases" time="0.005" errors="0" timestamp="2021-08-14T14:40:28 IST" skipped="0">
  <testcase classname="com.javabykiran.SignupTestcases" name="checkTestTwo" time="0.001"/>
  <system-out/>
  <testcase classname="com.javabykiran.SignupTestcases" name="checkTestThree" time="0.001"/>
  <system-out/>
  <testcase classname="com.javabykiran.SignupTestcases" name="checkTestOne" time="0.003"/>
  <system-out/>
</testsuite> <!-- com.javabykiran.SignupTestcases -->
