<?xml version="1.0" encoding="UTF-8"?>
<!-- Generated by org.testng.reporters.JUnitReportReporter -->
<testsuite hostname="Shri-PC" failures="0" tests="1" name="com.javabykiran.NewTest" time="0.019" errors="0" timestamp="2021-09-02T21:19:04 IST" skipped="0">
  <testcase classname="com.javabykiran.NewTest" name="f" time="0.019"/>
  <system-out/>
</testsuite> <!-- com.javabykiran.NewTest -->
