<?xml version="1.0" encoding="UTF-8"?>
<!-- Generated by org.testng.reporters.JUnitReportReporter -->
<testsuite hostname="Shri-PC" failures="0" tests="1" name="frameWork.A" time="4.422" errors="0" timestamp="2021-08-28T16:21:28 IST" skipped="0">
  <testcase classname="frameWork.A" name="checkErrorMsgOfEmail" time="4.422"/>
  <system-out/>
</testsuite> <!-- frameWork.A -->
