<?xml version="1.0" encoding="UTF-8"?>
<!-- Generated by org.testng.reporters.JUnitReportReporter -->
<testsuite hostname="Shri-PC" failures="0" tests="3" name="com.javabykiran.LoginTestCases" time="3.397" errors="0" timestamp="2002-01-01T00:23:58 IST" skipped="0">
  <testcase classname="com.javabykiran.LoginTestCases" name="checkTestOne" time="3.394"/>
  <system-out/>
  <testcase classname="com.javabykiran.LoginTestCases" name="checkTestTwo" time="0.001"/>
  <system-out/>
  <testcase classname="com.javabykiran.LoginTestCases" name="checkTestThree" time="0.002"/>
  <system-out/>
</testsuite> <!-- com.javabykiran.LoginTestCases -->
