<?xml version="1.0" encoding="UTF-8"?>
<!-- Generated by org.testng.reporters.JUnitReportReporter -->
<testsuite hostname="Shri-PC" failures="0" tests="5" name="com.javabykiran.DropDownSelection" time="13.157" errors="0" timestamp="2021-08-29T20:57:24 IST" skipped="0">
  <testcase classname="com.javabykiran.DropDownSelection" name="navigateChecking" time="6.531"/>
  <system-out/>
  <testcase classname="com.javabykiran.DropDownSelection" name="addUser" time="3.584"/>
  <system-out/>
  <testcase classname="com.javabykiran.DropDownSelection" name="chck" time="1.470"/>
  <system-out/>
  <testcase classname="com.javabykiran.DropDownSelection" name="login" time="1.462"/>
  <system-out/>
  <testcase classname="com.javabykiran.DropDownSelection" name="alertdismiss" time="0.110"/>
  <system-out/>
</testsuite> <!-- com.javabykiran.DropDownSelection -->
